build/outputs/logs/manifest-merger-debug-report.txt
-- Merging decision tree log ---
manifest
ADDED from dxl\MagicUHF_Receiver\AndroidManifest.xml:2:1-46:12
	package
		ADDED from dxl\MagicUHF_Receiver\AndroidManifest.xml:3:5-31
		INJECTED from dxl\MagicUHF_Receiver\AndroidManifest.xml
		INJECTED from dxl\MagicUHF_Receiver\AndroidManifest.xml
	android:versionName
		ADDED from dxl\MagicUHF_Receiver\AndroidManifest.xml:5:5-30
		INJECTED from dxl\MagicUHF_Receiver\AndroidManifest.xml
		INJECTED from dxl\MagicUHF_Receiver\AndroidManifest.xml
	android:versionCode
		ADDED from dxl\MagicUHF_Receiver\AndroidManifest.xml:4:5-28
		INJECTED from dxl\MagicUHF_Receiver\AndroidManifest.xml
		INJECTED from dxl\MagicUHF_Receiver\AndroidManifest.xml
	xmlns:android
		ADDED from dxl\MagicUHF_Receiver\AndroidManifest.xml:2:11-69
uses-sdk
ADDED from dxl\MagicUHF_Receiver\AndroidManifest.xml:7:5-9:41
	android:targetSdkVersion
		ADDED from dxl\MagicUHF_Receiver\AndroidManifest.xml:9:9-38
	android:minSdkVersion
		ADDED from dxl\MagicUHF_Receiver\AndroidManifest.xml:8:9-34
uses-permission#android.permission.RECEIVE_BOOT_COMPLETED
ADDED from dxl\MagicUHF_Receiver\AndroidManifest.xml:11:5-81
	android:name
		ADDED from dxl\MagicUHF_Receiver\AndroidManifest.xml:11:22-78
uses-permission#android.permission.INTERNET
ADDED from dxl\MagicUHF_Receiver\AndroidManifest.xml:12:5-67
	android:name
		ADDED from dxl\MagicUHF_Receiver\AndroidManifest.xml:12:22-64
uses-permission#android.permission.WRITE_EXTERNAL_STORAGE
ADDED from dxl\MagicUHF_Receiver\AndroidManifest.xml:13:5-81
	android:name
		ADDED from dxl\MagicUHF_Receiver\AndroidManifest.xml:13:22-78
uses-permission#android.permission.MODIFY_AUDIO_SETTINGS
ADDED from dxl\MagicUHF_Receiver\AndroidManifest.xml:14:5-80
	android:name
		ADDED from dxl\MagicUHF_Receiver\AndroidManifest.xml:14:22-77
application
ADDED from dxl\MagicUHF_Receiver\AndroidManifest.xml:17:5-44:19
	android:label
		ADDED from dxl\MagicUHF_Receiver\AndroidManifest.xml:21:9-41
	android:allowBackup
		ADDED from dxl\MagicUHF_Receiver\AndroidManifest.xml:19:9-35
	android:icon
		ADDED from dxl\MagicUHF_Receiver\AndroidManifest.xml:20:9-45
	android:theme
		ADDED from dxl\MagicUHF_Receiver\AndroidManifest.xml:22:9-40
	android:name
		ADDED from dxl\MagicUHF_Receiver\AndroidManifest.xml:18:9-44
activity#com.fxb.receiver.MagicMainActivity
ADDED from dxl\MagicUHF_Receiver\AndroidManifest.xml:23:9-32:20
	android:screenOrientation
		ADDED from dxl\MagicUHF_Receiver\AndroidManifest.xml:26:13-49
	android:label
		ADDED from dxl\MagicUHF_Receiver\AndroidManifest.xml:25:13-45
	android:name
		ADDED from dxl\MagicUHF_Receiver\AndroidManifest.xml:24:13-46
intent-filter#android.intent.action.MAIN+android.intent.category.LAUNCHER
ADDED from dxl\MagicUHF_Receiver\AndroidManifest.xml:27:13-31:29
action#android.intent.action.MAIN
ADDED from dxl\MagicUHF_Receiver\AndroidManifest.xml:28:17-69
	android:name
		ADDED from dxl\MagicUHF_Receiver\AndroidManifest.xml:28:25-66
category#android.intent.category.LAUNCHER
ADDED from dxl\MagicUHF_Receiver\AndroidManifest.xml:30:17-77
	android:name
		ADDED from dxl\MagicUHF_Receiver\AndroidManifest.xml:30:27-74
activity#com.fxb.receiver.ReceiverWriteActivity
ADDED from dxl\MagicUHF_Receiver\AndroidManifest.xml:34:9-38:61
	android:screenOrientation
		ADDED from dxl\MagicUHF_Receiver\AndroidManifest.xml:38:13-49
	android:label
		ADDED from dxl\MagicUHF_Receiver\AndroidManifest.xml:37:13-49
	android:configChanges
		ADDED from dxl\MagicUHF_Receiver\AndroidManifest.xml:36:13-59
	android:name
		ADDED from dxl\MagicUHF_Receiver\AndroidManifest.xml:35:13-50
activity#com.fxb.receiver.SelectReceiverActivity
ADDED from dxl\MagicUHF_Receiver\AndroidManifest.xml:39:9-43:52
	android:screenOrientation
		ADDED from dxl\MagicUHF_Receiver\AndroidManifest.xml:43:13-49
	android:label
		ADDED from dxl\MagicUHF_Receiver\AndroidManifest.xml:42:13-49
	android:configChanges
		ADDED from dxl\MagicUHF_Receiver\AndroidManifest.xml:41:13-59
	android:name
		ADDED from dxl\MagicUHF_Receiver\AndroidManifest.xml:40:13-51